app/build/intermediates/manifest_merge_blame_file/debug/processDebugMainManifest/manifest-merger-blame-debug-report.txt
1<?xml version="1.0" encoding="utf-8"?>
2<manifest xmlns:android="http://schemas.android.com/apk/res/android"
3    package="uz.onveti.itv.launcher"
4    android:versionCode="1"
5    android:versionName="1.0" >
6
7    <uses-sdk
8        android:minSdkVersion="29"
9        android:targetSdkVersion="35" />
10
11    <uses-permission android:name="android.permission.INTERNET" />
11-->src/main/AndroidManifest.xml:4:5-67
11-->src/main/AndroidManifest.xml:4:22-64
12
13    <uses-feature
13-->src/main/AndroidManifest.xml:6:5-8:36
14        android:name="android.hardware.touchscreen"
14-->src/main/AndroidManifest.xml:7:9-52
15        android:required="false" />
15-->src/main/AndroidManifest.xml:8:9-33
16    <uses-feature
16-->src/main/AndroidManifest.xml:10:5-12:35
17        android:name="android.software.leanback"
17-->src/main/AndroidManifest.xml:11:9-49
18        android:required="true" />
18-->src/main/AndroidManifest.xml:12:9-32
19
20    <queries>
20-->src/main/AndroidManifest.xml:14:5-20:15
21        <intent>
21-->src/main/AndroidManifest.xml:15:9-19:18
22            <action android:name="android.intent.action.MAIN" />
22-->src/main/AndroidManifest.xml:16:13-65
22-->src/main/AndroidManifest.xml:16:21-62
23
24            <category android:name="android.intent.category.LAUNCHER" />
24-->src/main/AndroidManifest.xml:18:13-73
24-->src/main/AndroidManifest.xml:18:23-70
25        </intent>
26    </queries>
27
28    <permission
28-->[androidx.core:core:1.16.0] AndroidManifest.xml:22:5-24:47
29        android:name="uz.onveti.itv.launcher.DYNAMIC_RECEIVER_NOT_EXPORTED_PERMISSION"
29-->[androidx.core:core:1.16.0] AndroidManifest.xml:23:9-81
30        android:protectionLevel="signature" />
30-->[androidx.core:core:1.16.0] AndroidManifest.xml:24:9-44
31
32    <uses-permission android:name="uz.onveti.itv.launcher.DYNAMIC_RECEIVER_NOT_EXPORTED_PERMISSION" />
32-->[androidx.core:core:1.16.0] AndroidManifest.xml:26:5-97
32-->[androidx.core:core:1.16.0] AndroidManifest.xml:26:22-94
33
34    <application
34-->src/main/AndroidManifest.xml:22:5-59:19
35        android:allowBackup="true"
35-->src/main/AndroidManifest.xml:23:9-35
36        android:appComponentFactory="androidx.core.app.CoreComponentFactory"
36-->[androidx.core:core:1.16.0] AndroidManifest.xml:28:18-86
37        android:debuggable="true"
38        android:extractNativeLibs="false"
39        android:icon="@mipmap/ic_launcher"
39-->src/main/AndroidManifest.xml:24:9-43
40        android:label="@string/app_name"
40-->src/main/AndroidManifest.xml:25:9-41
41        android:supportsRtl="true"
41-->src/main/AndroidManifest.xml:26:9-35
42        android:testOnly="true"
43        android:theme="@style/Theme.Launcher" >
43-->src/main/AndroidManifest.xml:27:9-46
44        <activity
44-->src/main/AndroidManifest.xml:29:9-33:48
45            android:name="uz.onveti.itv.launcher.ui.apps.AppsActivity"
45-->src/main/AndroidManifest.xml:30:13-49
46            android:exported="false"
46-->src/main/AndroidManifest.xml:31:13-37
47            android:screenOrientation="landscape"
47-->src/main/AndroidManifest.xml:32:13-50
48            android:theme="@style/Theme.App" />
48-->src/main/AndroidManifest.xml:33:13-45
49        <activity
49-->src/main/AndroidManifest.xml:35:9-51:20
50            android:name="uz.onveti.itv.launcher.MainActivity"
50-->src/main/AndroidManifest.xml:36:13-41
51            android:banner="@drawable/itv"
51-->src/main/AndroidManifest.xml:37:13-43
52            android:exported="true"
52-->src/main/AndroidManifest.xml:38:13-36
53            android:icon="@drawable/itv"
53-->src/main/AndroidManifest.xml:39:13-41
54            android:launchMode="singleTask"
54-->src/main/AndroidManifest.xml:40:13-44
55            android:logo="@drawable/itv"
55-->src/main/AndroidManifest.xml:41:13-41
56            android:screenOrientation="landscape"
56-->src/main/AndroidManifest.xml:42:13-50
57            android:theme="@style/Theme.Launcher" >
57-->src/main/AndroidManifest.xml:43:13-50
58            <intent-filter>
58-->src/main/AndroidManifest.xml:44:13-50:29
59                <action android:name="android.intent.action.MAIN" />
59-->src/main/AndroidManifest.xml:16:13-65
59-->src/main/AndroidManifest.xml:16:21-62
60
61                <category android:name="android.intent.category.LEANBACK_LAUNCHER" />
61-->src/main/AndroidManifest.xml:47:17-86
61-->src/main/AndroidManifest.xml:47:27-83
62                <category android:name="android.intent.category.HOME" />
62-->src/main/AndroidManifest.xml:48:17-73
62-->src/main/AndroidManifest.xml:48:27-70
63                <category android:name="android.intent.category.DEFAULT" />
63-->src/main/AndroidManifest.xml:49:17-76
63-->src/main/AndroidManifest.xml:49:27-73
64            </intent-filter>
65        </activity>
66        <activity
66-->src/main/AndroidManifest.xml:53:9-57:48
67            android:name="uz.onveti.itv.launcher.ui.setup.SetupActivity"
67-->src/main/AndroidManifest.xml:54:13-51
68            android:exported="false"
68-->src/main/AndroidManifest.xml:55:13-37
69            android:screenOrientation="landscape"
69-->src/main/AndroidManifest.xml:56:13-50
70            android:theme="@style/Theme.App" />
70-->src/main/AndroidManifest.xml:57:13-45
71
72        <provider
72-->[androidx.emoji2:emoji2:1.3.0] AndroidManifest.xml:24:9-32:20
73            android:name="androidx.startup.InitializationProvider"
73-->[androidx.emoji2:emoji2:1.3.0] AndroidManifest.xml:25:13-67
74            android:authorities="uz.onveti.itv.launcher.androidx-startup"
74-->[androidx.emoji2:emoji2:1.3.0] AndroidManifest.xml:26:13-68
75            android:exported="false" >
75-->[androidx.emoji2:emoji2:1.3.0] AndroidManifest.xml:27:13-37
76            <meta-data
76-->[androidx.emoji2:emoji2:1.3.0] AndroidManifest.xml:29:13-31:52
77                android:name="androidx.emoji2.text.EmojiCompatInitializer"
77-->[androidx.emoji2:emoji2:1.3.0] AndroidManifest.xml:30:17-75
78                android:value="androidx.startup" />
78-->[androidx.emoji2:emoji2:1.3.0] AndroidManifest.xml:31:17-49
79            <meta-data
79-->[androidx.lifecycle:lifecycle-process:2.6.2] AndroidManifest.xml:29:13-31:52
80                android:name="androidx.lifecycle.ProcessLifecycleInitializer"
80-->[androidx.lifecycle:lifecycle-process:2.6.2] AndroidManifest.xml:30:17-78
81                android:value="androidx.startup" />
81-->[androidx.lifecycle:lifecycle-process:2.6.2] AndroidManifest.xml:31:17-49
82            <meta-data
82-->[androidx.profileinstaller:profileinstaller:1.4.0] AndroidManifest.xml:29:13-31:52
83                android:name="androidx.profileinstaller.ProfileInstallerInitializer"
83-->[androidx.profileinstaller:profileinstaller:1.4.0] AndroidManifest.xml:30:17-85
84                android:value="androidx.startup" />
84-->[androidx.profileinstaller:profileinstaller:1.4.0] AndroidManifest.xml:31:17-49
85        </provider>
86
87        <receiver
87-->[androidx.profileinstaller:profileinstaller:1.4.0] AndroidManifest.xml:34:9-52:20
88            android:name="androidx.profileinstaller.ProfileInstallReceiver"
88-->[androidx.profileinstaller:profileinstaller:1.4.0] AndroidManifest.xml:35:13-76
89            android:directBootAware="false"
89-->[androidx.profileinstaller:profileinstaller:1.4.0] AndroidManifest.xml:36:13-44
90            android:enabled="true"
90-->[androidx.profileinstaller:profileinstaller:1.4.0] AndroidManifest.xml:37:13-35
91            android:exported="true"
91-->[androidx.profileinstaller:profileinstaller:1.4.0] AndroidManifest.xml:38:13-36
92            android:permission="android.permission.DUMP" >
92-->[androidx.profileinstaller:profileinstaller:1.4.0] AndroidManifest.xml:39:13-57
93            <intent-filter>
93-->[androidx.profileinstaller:profileinstaller:1.4.0] AndroidManifest.xml:40:13-42:29
94                <action android:name="androidx.profileinstaller.action.INSTALL_PROFILE" />
94-->[androidx.profileinstaller:profileinstaller:1.4.0] AndroidManifest.xml:41:17-91
94-->[androidx.profileinstaller:profileinstaller:1.4.0] AndroidManifest.xml:41:25-88
95            </intent-filter>
96            <intent-filter>
96-->[androidx.profileinstaller:profileinstaller:1.4.0] AndroidManifest.xml:43:13-45:29
97                <action android:name="androidx.profileinstaller.action.SKIP_FILE" />
97-->[androidx.profileinstaller:profileinstaller:1.4.0] AndroidManifest.xml:44:17-85
97-->[androidx.profileinstaller:profileinstaller:1.4.0] AndroidManifest.xml:44:25-82
98            </intent-filter>
99            <intent-filter>
99-->[androidx.profileinstaller:profileinstaller:1.4.0] AndroidManifest.xml:46:13-48:29
100                <action android:name="androidx.profileinstaller.action.SAVE_PROFILE" />
100-->[androidx.profileinstaller:profileinstaller:1.4.0] AndroidManifest.xml:47:17-88
100-->[androidx.profileinstaller:profileinstaller:1.4.0] AndroidManifest.xml:47:25-85
101            </intent-filter>
102            <intent-filter>
102-->[androidx.profileinstaller:profileinstaller:1.4.0] AndroidManifest.xml:49:13-51:29
103                <action android:name="androidx.profileinstaller.action.BENCHMARK_OPERATION" />
103-->[androidx.profileinstaller:profileinstaller:1.4.0] AndroidManifest.xml:50:17-95
103-->[androidx.profileinstaller:profileinstaller:1.4.0] AndroidManifest.xml:50:25-92
104            </intent-filter>
105        </receiver>
106    </application>
107
108</manifest>